Determining if the pthread_create exist failed with the following output:
Change Dir: /home/pi/BottleBoat/RaspberryPi/ROS/build/CMakeFiles/CMakeTmp

Run Build Command:/usr/bin/make "cmTryCompileExec3720515696/fast"
/usr/bin/make -f CMakeFiles/cmTryCompileExec3720515696.dir/build.make CMakeFiles/cmTryCompileExec3720515696.dir/build
make[1]: Entering directory '/home/pi/BottleBoat/RaspberryPi/ROS/build/CMakeFiles/CMakeTmp'
/usr/bin/cmake -E cmake_progress_report /home/pi/BottleBoat/RaspberryPi/ROS/build/CMakeFiles/CMakeTmp/CMakeFiles 1
Building C object CMakeFiles/cmTryCompileExec3720515696.dir/CheckSymbolExists.c.o
/usr/bin/gcc    -o CMakeFiles/cmTryCompileExec3720515696.dir/CheckSymbolExists.c.o   -c /home/pi/BottleBoat/RaspberryPi/ROS/build/CMakeFiles/CMakeTmp/CheckSymbolExists.c
Linking C executable cmTryCompileExec3720515696
/usr/bin/cmake -E cmake_link_script CMakeFiles/cmTryCompileExec3720515696.dir/link.txt --verbose=1
/usr/bin/gcc         CMakeFiles/cmTryCompileExec3720515696.dir/CheckSymbolExists.c.o  -o cmTryCompileExec3720515696 -rdynamic 
CMakeFiles/cmTryCompileExec3720515696.dir/CheckSymbolExists.c.o: In function `main':
CheckSymbolExists.c:(.text+0x38): undefined reference to `pthread_create'
collect2: ld returned 1 exit status
CMakeFiles/cmTryCompileExec3720515696.dir/build.make:88: recipe for target 'cmTryCompileExec3720515696' failed
make[1]: Leaving directory '/home/pi/BottleBoat/RaspberryPi/ROS/build/CMakeFiles/CMakeTmp'
make[1]: *** [cmTryCompileExec3720515696] Error 1
Makefile:114: recipe for target 'cmTryCompileExec3720515696/fast' failed
make: *** [cmTryCompileExec3720515696/fast] Error 2

File /home/pi/BottleBoat/RaspberryPi/ROS/build/CMakeFiles/CMakeTmp/CheckSymbolExists.c:
/* */
#include <pthread.h>

int main(int argc, char** argv)
{
  (void)argv;
#ifndef pthread_create
  return ((int*)(&pthread_create))[argc];
#else
  (void)argc;
  return 0;
#endif
}

Determining if the function pthread_create exists in the pthreads failed with the following output:
Change Dir: /home/pi/BottleBoat/RaspberryPi/ROS/build/CMakeFiles/CMakeTmp

Run Build Command:/usr/bin/make "cmTryCompileExec3224211352/fast"
/usr/bin/make -f CMakeFiles/cmTryCompileExec3224211352.dir/build.make CMakeFiles/cmTryCompileExec3224211352.dir/build
make[1]: Entering directory '/home/pi/BottleBoat/RaspberryPi/ROS/build/CMakeFiles/CMakeTmp'
/usr/bin/cmake -E cmake_progress_report /home/pi/BottleBoat/RaspberryPi/ROS/build/CMakeFiles/CMakeTmp/CMakeFiles 1
Building C object CMakeFiles/cmTryCompileExec3224211352.dir/CheckFunctionExists.c.o
/usr/bin/gcc   -DCHECK_FUNCTION_EXISTS=pthread_create   -o CMakeFiles/cmTryCompileExec3224211352.dir/CheckFunctionExists.c.o   -c /usr/share/cmake-2.8/Modules/CheckFunctionExists.c
Linking C executable cmTryCompileExec3224211352
/usr/bin/cmake -E cmake_link_script CMakeFiles/cmTryCompileExec3224211352.dir/link.txt --verbose=1
/usr/bin/gcc     -DCHECK_FUNCTION_EXISTS=pthread_create    CMakeFiles/cmTryCompileExec3224211352.dir/CheckFunctionExists.c.o  -o cmTryCompileExec3224211352 -rdynamic -lpthreads 
/usr/bin/ld: cannot find -lpthreads
collect2: ld returned 1 exit status
CMakeFiles/cmTryCompileExec3224211352.dir/build.make:88: recipe for target 'cmTryCompileExec3224211352' failed
make[1]: Leaving directory '/home/pi/BottleBoat/RaspberryPi/ROS/build/CMakeFiles/CMakeTmp'
make[1]: *** [cmTryCompileExec3224211352] Error 1
Makefile:114: recipe for target 'cmTryCompileExec3224211352/fast' failed
make: *** [cmTryCompileExec3224211352/fast] Error 2


